#
# A fatal error has been detected by the Java Runtime Environment:
#
#  EXCEPTION_ACCESS_VIOLATION (0xc0000005) at pc=0x0000000077bf903f, pid=5084, tid=0x0000000000000e5c
#
# JRE version: Java(TM) SE Runtime Environment (8.0_131-b11) (build 1.8.0_131-b11)
# Java VM: Java HotSpot(TM) 64-Bit Server VM (25.131-b11 mixed mode windows-amd64 compressed oops)
# Problematic frame:
# C  [ntdll.dll+0x4903f]
#
# Failed to write core dump. Minidumps are not enabled by default on client versions of Windows
#
# If you would like to submit a bug report, please visit:
#   http://bugreport.java.com/bugreport/crash.jsp
# The crash happened outside the Java Virtual Machine in native code.
# See problematic frame for where to report the bug.
#

---------------  T H R E A D  ---------------

Current thread (0x0000000019810800):  JavaThread "File Watcher" daemon [_thread_in_native, id=3676, stack(0x000000001a910000,0x000000001aa10000)]

siginfo: ExceptionCode=0xc0000005, writing address 0x000000000000005c

Registers:
RAX=0x000000000000005c, RBX=0x000000001e0e38d0, RCX=0x000000001e0e393c, RDX=0x00000000000000b8
RSP=0x000000001aa0e760, RBP=0x000000000000fffe, RSI=0x0000000000000000, RDI=0x000000001e0e38d0
R8 =0x000000000000005c, R9 =0x00000000000000b8, R10=0x0000000000000000, R11=0x000000000000ffff
R12=0x00000000000000b8, R13=0x0000000000000012, R14=0x000000001aa0e960, R15=0x000000000000005c
RIP=0x0000000077bf903f, EFLAGS=0x0000000000010246

Top of Stack: (sp=0x000000001aa0e760)
0x000000001aa0e760:   00000000000000d0 0000000001bc0000
0x000000001aa0e770:   00000000000000ba 00000000000000ba
0x000000001aa0e780:   0000000000ba00b8 000000001e0e38d0
0x000000001aa0e790:   000000001aa0e920 0000000077c00318
0x000000001aa0e7a0:   0000000000000000 000000001aa0ea70
0x000000001aa0e7b0:   000000001e0e38d0 000000000000005b
0x000000001aa0e7c0:   0000000000000000 0000000000000001
0x000000001aa0e7d0:   0000000000000007 00000000020c0080
0x000000001aa0e7e0:   000000001aa0ee50 00000000000000b8
0x000000001aa0e7f0:   00000000020c0da0 0000000000000000
0x000000001aa0e800:   0000000000000001 000000020000000c
0x000000001aa0e810:   0000000000000101 000007fefdb51873
0x000000001aa0e820:   000000001aa0e9a8 000000001e0e38d0
0x000000001aa0e830:   00000000000000d0 0000000001bc0000
0x000000001aa0e840:   00000000000000c4 00000000000000c4
0x000000001aa0e850:   0000000000000000 0000000000ba00b8 

Instructions: (pc=0x0000000077bf903f)
0x0000000077bf901f:   e2 fc 8b c2 48 01 41 18 8b 41 10 4c 89 44 c1 20
0x0000000077bf902f:   ff 41 10 8b c2 c3 44 8a 74 24 40 e9 50 57 00 00
0x0000000077bf903f:   41 0f b7 c1 48 83 c1 02 48 d1 e8 48 8d 04 43 48
0x0000000077bf904f:   3b c8 73 39 0f b7 01 66 83 c8 20 66 83 f8 70 0f 


Register to memory mapping:

RAX=0x000000000000005c is an unknown value
RBX=0x000000001e0e38d0 is an unknown value
RCX=0x000000001e0e393c is an unknown value
RDX=0x00000000000000b8 is an unknown value
RSP=0x000000001aa0e760 is pointing into the stack for thread: 0x0000000019810800
RBP=0x000000000000fffe is an unknown value
RSI=0x0000000000000000 is an unknown value
RDI=0x000000001e0e38d0 is an unknown value
R8 =0x000000000000005c is an unknown value
R9 =0x00000000000000b8 is an unknown value
R10=0x0000000000000000 is an unknown value
R11=0x000000000000ffff is an unknown value
R12=0x00000000000000b8 is an unknown value
R13=0x0000000000000012 is an unknown value
R14=0x000000001aa0e960 is pointing into the stack for thread: 0x0000000019810800
R15=0x000000000000005c is an unknown value


Stack: [0x000000001a910000,0x000000001aa10000],  sp=0x000000001aa0e760,  free space=1017k
Native frames: (J=compiled Java code, j=interpreted, Vv=VM code, C=native code)
C  [ntdll.dll+0x4903f]
C  [ntdll.dll+0x50318]
C  [ntdll.dll+0x50d8a]
C  [KERNELBASE.dll+0x7056]
C  [java.dll+0x9ffc]
C  [java.dll+0xa127]
C  0x00000000025fae49

Java frames: (J=compiled Java code, j=interpreted, Vv=VM code)
J 571  java.io.WinNTFileSystem.getBooleanAttributes(Ljava/io/File;)I (0 bytes) @ 0x00000000025fadcf [0x00000000025fad80+0x4f]
J 1646 C1 java.io.File.isDirectory()Z (43 bytes) @ 0x00000000027ad5ec [0x00000000027ad540+0xac]
J 5412 C1 org.springframework.boot.devtools.filewatch.FolderSnapshot.collectFiles(Ljava/io/File;Ljava/util/Set;)V (99 bytes) @ 0x00000000028f30ac [0x00000000028f3020+0x8c]
J 5412 C1 org.springframework.boot.devtools.filewatch.FolderSnapshot.collectFiles(Ljava/io/File;Ljava/util/Set;)V (99 bytes) @ 0x00000000028f31ac [0x00000000028f3020+0x18c]
J 5412 C1 org.springframework.boot.devtools.filewatch.FolderSnapshot.collectFiles(Ljava/io/File;Ljava/util/Set;)V (99 bytes) @ 0x00000000028f31ac [0x00000000028f3020+0x18c]
J 5412 C1 org.springframework.boot.devtools.filewatch.FolderSnapshot.collectFiles(Ljava/io/File;Ljava/util/Set;)V (99 bytes) @ 0x00000000028f31ac [0x00000000028f3020+0x18c]
J 5412 C1 org.springframework.boot.devtools.filewatch.FolderSnapshot.collectFiles(Ljava/io/File;Ljava/util/Set;)V (99 bytes) @ 0x00000000028f31ac [0x00000000028f3020+0x18c]
j  org.springframework.boot.devtools.filewatch.FolderSnapshot.<init>(Ljava/io/File;)V+76
j  org.springframework.boot.devtools.filewatch.FileSystemWatcher$Watcher.getCurrentSnapshots()Ljava/util/Map;+49
j  org.springframework.boot.devtools.filewatch.FileSystemWatcher$Watcher.scan()V+20
j  org.springframework.boot.devtools.filewatch.FileSystemWatcher$Watcher.run()V+30
j  java.lang.Thread.run()V+11
v  ~StubRoutines::call_stub

---------------  P R O C E S S  ---------------

Java Threads: ( => current thread )
  0x000000001e56b000 JavaThread "Java2D Disposer" daemon [_thread_blocked, id=6928, stack(0x0000000021b40000,0x0000000021c40000)]
  0x000000001e569000 JavaThread "Druid-ConnectionPool-Destroy-1245718804" daemon [_thread_blocked, id=5552, stack(0x000000001c010000,0x000000001c110000)]
  0x000000001e568000 JavaThread "Druid-ConnectionPool-Create-1245718804" daemon [_thread_blocked, id=4616, stack(0x0000000020c00000,0x0000000020d00000)]
  0x000000001980a800 JavaThread "Abandoned connection cleanup thread" daemon [_thread_blocked, id=6924, stack(0x0000000021280000,0x0000000021380000)]
  0x000000001980a000 JavaThread "DestroyJavaVM" [_thread_blocked, id=2080, stack(0x00000000021f0000,0x00000000022f0000)]
  0x000000001e34d000 JavaThread "http-nio-8080-AsyncTimeout" daemon [_thread_blocked, id=4720, stack(0x0000000020ad0000,0x0000000020bd0000)]
  0x000000001e34c000 JavaThread "http-nio-8080-Acceptor-0" daemon [_thread_in_native, id=5692, stack(0x0000000020880000,0x0000000020980000)]
  0x000000001e34b800 JavaThread "http-nio-8080-ClientPoller-1" daemon [_thread_in_native, id=3272, stack(0x000000001faf0000,0x000000001fbf0000)]
  0x000000001e34a800 JavaThread "http-nio-8080-ClientPoller-0" daemon [_thread_in_native, id=3476, stack(0x0000000020710000,0x0000000020810000)]
  0x000000001e34a000 JavaThread "http-nio-8080-exec-10" daemon [_thread_blocked, id=2512, stack(0x00000000205d0000,0x00000000206d0000)]
  0x000000001e349000 JavaThread "http-nio-8080-exec-9" daemon [_thread_blocked, id=6536, stack(0x0000000020360000,0x0000000020460000)]
  0x000000001e348800 JavaThread "http-nio-8080-exec-8" daemon [_thread_blocked, id=6560, stack(0x0000000020220000,0x0000000020320000)]
  0x0000000019817800 JavaThread "http-nio-8080-exec-7" daemon [_thread_blocked, id=5720, stack(0x000000001ee70000,0x000000001ef70000)]
  0x0000000019816800 JavaThread "http-nio-8080-exec-6" daemon [_thread_blocked, id=6932, stack(0x00000000200f0000,0x00000000201f0000)]
  0x0000000019816000 JavaThread "http-nio-8080-exec-5" daemon [_thread_blocked, id=5484, stack(0x000000001f070000,0x000000001f170000)]
  0x0000000019815000 JavaThread "http-nio-8080-exec-4" daemon [_thread_blocked, id=6808, stack(0x000000001ff80000,0x0000000020080000)]
  0x0000000019814800 JavaThread "http-nio-8080-exec-3" daemon [_thread_blocked, id=4092, stack(0x000000001fdc0000,0x000000001fec0000)]
  0x0000000019813800 JavaThread "http-nio-8080-exec-2" daemon [_thread_blocked, id=4880, stack(0x000000001fc30000,0x000000001fd30000)]
  0x0000000019813000 JavaThread "http-nio-8080-exec-1" daemon [_thread_blocked, id=3004, stack(0x000000001f9c0000,0x000000001fac0000)]
  0x0000000019812000 JavaThread "NioBlockingSelector.BlockPoller-1" daemon [_thread_in_native, id=1916, stack(0x000000001f820000,0x000000001f920000)]
  0x0000000019811800 JavaThread "Live Reload Server" daemon [_thread_in_native, id=6196, stack(0x000000001f700000,0x000000001f800000)]
=>0x0000000019810800 JavaThread "File Watcher" daemon [_thread_in_native, id=3676, stack(0x000000001a910000,0x000000001aa10000)]
  0x0000000019810000 JavaThread "commons-pool-evictor-thread" [_thread_blocked, id=5480, stack(0x000000001f1d0000,0x000000001f2d0000)]
  0x000000001980f000 JavaThread "container-0" [_thread_blocked, id=5396, stack(0x000000001ef70000,0x000000001f070000)]
  0x000000001980d800 JavaThread "ContainerBackgroundProcessor[StandardEngine[Tomcat]]" daemon [_thread_blocked, id=4436, stack(0x000000001bf10000,0x000000001c010000)]
  0x0000000019809000 JavaThread "RMI Scheduler(0)" daemon [_thread_blocked, id=5496, stack(0x000000001aa40000,0x000000001ab40000)]
  0x00000000197cb800 JavaThread "RMI TCP Accept-0" daemon [_thread_in_native, id=6584, stack(0x000000001a320000,0x000000001a420000)]
  0x00000000197b6800 JavaThread "RMI TCP Accept-54733" daemon [_thread_in_native, id=4432, stack(0x0000000019be0000,0x0000000019ce0000)]
  0x00000000197b0000 JavaThread "RMI TCP Accept-0" daemon [_thread_in_native, id=6056, stack(0x000000001a120000,0x000000001a220000)]
  0x00000000194af000 JavaThread "Service Thread" daemon [_thread_blocked, id=4916, stack(0x0000000019f30000,0x000000001a030000)]
  0x00000000194ab800 JavaThread "C1 CompilerThread2" daemon [_thread_blocked, id=5256, stack(0x0000000019d20000,0x0000000019e20000)]
  0x0000000019450000 JavaThread "C2 CompilerThread1" daemon [_thread_blocked, id=5668, stack(0x0000000019060000,0x0000000019160000)]
  0x000000001944d000 JavaThread "C2 CompilerThread0" daemon [_thread_blocked, id=5524, stack(0x0000000019ab0000,0x0000000019bb0000)]
  0x000000001863a800 JavaThread "JDWP Command Reader" daemon [_thread_in_native, id=6040, stack(0x0000000018c20000,0x0000000018d20000)]
  0x0000000018637000 JavaThread "JDWP Event Helper Thread" daemon [_thread_blocked, id=6872, stack(0x0000000019190000,0x0000000019290000)]
  0x0000000018632800 JavaThread "JDWP Transport Listener: dt_socket" daemon [_thread_blocked, id=3300, stack(0x0000000018e90000,0x0000000018f90000)]
  0x0000000018612800 JavaThread "Attach Listener" daemon [_thread_blocked, id=6528, stack(0x0000000018d50000,0x0000000018e50000)]
  0x000000001716f000 JavaThread "Signal Dispatcher" daemon [_thread_blocked, id=1224, stack(0x0000000018b10000,0x0000000018c10000)]
  0x0000000017152000 JavaThread "Finalizer" daemon [_thread_blocked, id=6084, stack(0x0000000018500000,0x0000000018600000)]
  0x000000001710a800 JavaThread "Reference Handler" daemon [_thread_blocked, id=6848, stack(0x0000000018340000,0x0000000018440000)]

Other Threads:
  0x0000000017103000 VMThread [stack: 0x0000000018190000,0x0000000018290000] [id=6244]
  0x00000000197d0800 WatcherThread [stack: 0x000000001a440000,0x000000001a540000] [id=6532]

VM state:not at safepoint (normal execution)

VM Mutex/Monitor currently owned by a thread: None

Heap:
 PSYoungGen      total 335872K, used 314859K [0x00000000d5d00000, 0x00000000f1880000, 0x0000000100000000)
  eden space 318976K, 98% used [0x00000000d5d00000,0x00000000e8f8ac98,0x00000000e9480000)
  from space 16896K, 5% used [0x00000000e9480000,0x00000000e9570000,0x00000000ea500000)
  to   space 17408K, 0% used [0x00000000f0780000,0x00000000f0780000,0x00000000f1880000)
 ParOldGen       total 123392K, used 42119K [0x0000000081600000, 0x0000000088e80000, 0x00000000d5d00000)
  object space 123392K, 34% used [0x0000000081600000,0x0000000083f21c38,0x0000000088e80000)
 Metaspace       used 56552K, capacity 59256K, committed 59416K, reserved 1101824K
  class space    used 7296K, capacity 7804K, committed 7848K, reserved 1048576K

Card table byte_map: [0x00000000117d0000,0x0000000011bd0000] byte_map_base: 0x00000000113c5000

Marking Bits: (ParMarkBitMap*) 0x0000000053f1c720
 Begin Bits: [0x0000000012420000, 0x00000000143c8000)
 End Bits:   [0x00000000143c8000, 0x0000000016370000)

Polling page: 0x0000000001b70000

CodeCache: size=245760Kb used=14075Kb max_used=14075Kb free=231684Kb
 bounds [0x0000000002410000, 0x00000000031e0000, 0x0000000011410000]
 total_blobs=7429 nmethods=6818 adapters=530
 compilation: enabled

Compilation events (10 events):
Event: 231.890 Thread 0x00000000194ab800 6931       1       org.apache.catalina.util.LifecycleBase::fireLifecycleEvent (56 bytes)
Event: 231.891 Thread 0x00000000194ab800 nmethod 6931 0x00000000031cf9d0 code [0x00000000031cfb80, 0x00000000031cff28]
Event: 231.891 Thread 0x00000000194ab800 6932       1       org.apache.catalina.LifecycleEvent::<init> (16 bytes)
Event: 231.891 Thread 0x00000000194ab800 nmethod 6932 0x00000000031d0210 code [0x00000000031d0380, 0x00000000031d05a8]
Event: 236.295 Thread 0x00000000194ab800 6933       1       java.util.Date::<init> (8 bytes)
Event: 236.295 Thread 0x00000000194ab800 nmethod 6933 0x00000000031d06d0 code [0x00000000031d0820, 0x00000000031d0930]
Event: 259.792 Thread 0x00000000194ab800 6934       1       java.util.Collections$SetFromMap::iterator (10 bytes)
Event: 259.792 Thread 0x00000000194ab800 nmethod 6934 0x00000000031d09d0 code [0x00000000031d0b20, 0x00000000031d0c68]
Event: 260.298 Thread 0x00000000194ab800 6935       1       sun.misc.URLClassPath$FileLoader$1::getURL (5 bytes)
Event: 260.298 Thread 0x00000000194ab800 nmethod 6935 0x00000000031d0cd0 code [0x00000000031d0e20, 0x00000000031d0f30]

GC Heap History (10 events):
Event: 11.728 GC heap before
{Heap before GC invocations=12 (full 2):
 PSYoungGen      total 181760K, used 167936K [0x00000000d5d00000, 0x00000000e6b00000, 0x0000000100000000)
  eden space 167936K, 100% used [0x00000000d5d00000,0x00000000e0100000,0x00000000e0100000)
  from space 13824K, 0% used [0x00000000e0100000,0x00000000e0100000,0x00000000e0e80000)
  to   space 13824K, 0% used [0x00000000e5d80000,0x00000000e5d80000,0x00000000e6b00000)
 ParOldGen       total 81408K, used 17482K [0x0000000081600000, 0x0000000086580000, 0x00000000d5d00000)
  object space 81408K, 21% used [0x0000000081600000,0x0000000082712b48,0x0000000086580000)
 Metaspace       used 40214K, capacity 41908K, committed 42024K, reserved 1085440K
  class space    used 5258K, capacity 5602K, committed 5672K, reserved 1048576K
Event: 11.749 GC heap after
Heap after GC invocations=12 (full 2):
 PSYoungGen      total 247296K, used 12738K [0x00000000d5d00000, 0x00000000e6a00000, 0x0000000100000000)
  eden space 234496K, 0% used [0x00000000d5d00000,0x00000000d5d00000,0x00000000e4200000)
  from space 12800K, 99% used [0x00000000e5d80000,0x00000000e69f0ad0,0x00000000e6a00000)
  to   space 14848K, 0% used [0x00000000e4d00000,0x00000000e4d00000,0x00000000e5b80000)
 ParOldGen       total 81408K, used 17490K [0x0000000081600000, 0x0000000086580000, 0x00000000d5d00000)
  object space 81408K, 21% used [0x0000000081600000,0x0000000082714b48,0x0000000086580000)
 Metaspace       used 40214K, capacity 41908K, committed 42024K, reserved 1085440K
  class space    used 5258K, capacity 5602K, committed 5672K, reserved 1048576K
}
Event: 14.074 GC heap before
{Heap before GC invocations=13 (full 2):
 PSYoungGen      total 247296K, used 247234K [0x00000000d5d00000, 0x00000000e6a00000, 0x0000000100000000)
  eden space 234496K, 100% used [0x00000000d5d00000,0x00000000e4200000,0x00000000e4200000)
  from space 12800K, 99% used [0x00000000e5d80000,0x00000000e69f0ad0,0x00000000e6a00000)
  to   space 14848K, 0% used [0x00000000e4d00000,0x00000000e4d00000,0x00000000e5b80000)
 ParOldGen       total 81408K, used 17490K [0x0000000081600000, 0x0000000086580000, 0x00000000d5d00000)
  object space 81408K, 21% used [0x0000000081600000,0x0000000082714b48,0x0000000086580000)
 Metaspace       used 45861K, capacity 47958K, committed 48168K, reserved 1091584K
  class space    used 6004K, capacity 6394K, committed 6440K, reserved 1048576K
Event: 14.109 GC heap after
Heap after GC invocations=13 (full 2):
 PSYoungGen      total 260608K, used 11118K [0x00000000d5d00000, 0x00000000eb400000, 0x0000000100000000)
  eden space 245760K, 0% used [0x00000000d5d00000,0x00000000d5d00000,0x00000000e4d00000)
  from space 14848K, 74% used [0x00000000e4d00000,0x00000000e57dbbb8,0x00000000e5b80000)
  to   space 15360K, 0% used [0x00000000ea500000,0x00000000ea500000,0x00000000eb400000)
 ParOldGen       total 81408K, used 25215K [0x0000000081600000, 0x0000000086580000, 0x00000000d5d00000)
  object space 81408K, 30% used [0x0000000081600000,0x0000000082e9fdf8,0x0000000086580000)
 Metaspace       used 45861K, capacity 47958K, committed 48168K, reserved 1091584K
  class space    used 6004K, capacity 6394K, committed 6440K, reserved 1048576K
}
Event: 45.977 GC heap before
{Heap before GC invocations=14 (full 2):
 PSYoungGen      total 260608K, used 245131K [0x00000000d5d00000, 0x00000000eb400000, 0x0000000100000000)
  eden space 245760K, 95% used [0x00000000d5d00000,0x00000000e4187420,0x00000000e4d00000)
  from space 14848K, 74% used [0x00000000e4d00000,0x00000000e57dbbb8,0x00000000e5b80000)
  to   space 15360K, 0% used [0x00000000ea500000,0x00000000ea500000,0x00000000eb400000)
 ParOldGen       total 81408K, used 25215K [0x0000000081600000, 0x0000000086580000, 0x00000000d5d00000)
  object space 81408K, 30% used [0x0000000081600000,0x0000000082e9fdf8,0x0000000086580000)
 Metaspace       used 56409K, capacity 59012K, committed 59160K, reserved 1101824K
  class space    used 7277K, capacity 7769K, committed 7848K, reserved 1048576K
Event: 46.010 GC heap after
Heap after GC invocations=14 (full 2):
 PSYoungGen      total 334336K, used 14500K [0x00000000d5d00000, 0x00000000ebc00000, 0x0000000100000000)
  eden space 318976K, 0% used [0x00000000d5d00000,0x00000000d5d00000,0x00000000e9480000)
  from space 15360K, 94% used [0x00000000ea500000,0x00000000eb3292d8,0x00000000eb400000)
  to   space 16896K, 0% used [0x00000000e9480000,0x00000000e9480000,0x00000000ea500000)
 ParOldGen       total 81408K, used 30767K [0x0000000081600000, 0x0000000086580000, 0x00000000d5d00000)
  object space 81408K, 37% used [0x0000000081600000,0x000000008340bdb8,0x0000000086580000)
 Metaspace       used 56409K, capacity 59012K, committed 59160K, reserved 1101824K
  class space    used 7277K, capacity 7769K, committed 7848K, reserved 1048576K
}
Event: 46.010 GC heap before
{Heap before GC invocations=15 (full 3):
 PSYoungGen      total 334336K, used 14500K [0x00000000d5d00000, 0x00000000ebc00000, 0x0000000100000000)
  eden space 318976K, 0% used [0x00000000d5d00000,0x00000000d5d00000,0x00000000e9480000)
  from space 15360K, 94% used [0x00000000ea500000,0x00000000eb3292d8,0x00000000eb400000)
  to   space 16896K, 0% used [0x00000000e9480000,0x00000000e9480000,0x00000000ea500000)
 ParOldGen       total 81408K, used 30767K [0x0000000081600000, 0x0000000086580000, 0x00000000d5d00000)
  object space 81408K, 37% used [0x0000000081600000,0x000000008340bdb8,0x0000000086580000)
 Metaspace       used 56409K, capacity 59012K, committed 59160K, reserved 1101824K
  class space    used 7277K, capacity 7769K, committed 7848K, reserved 1048576K
Event: 46.429 GC heap after
Heap after GC invocations=15 (full 3):
 PSYoungGen      total 334336K, used 0K [0x00000000d5d00000, 0x00000000ebc00000, 0x0000000100000000)
  eden space 318976K, 0% used [0x00000000d5d00000,0x00000000d5d00000,0x00000000e9480000)
  from space 15360K, 0% used [0x00000000ea500000,0x00000000ea500000,0x00000000eb400000)
  to   space 16896K, 0% used [0x00000000e9480000,0x00000000e9480000,0x00000000ea500000)
 ParOldGen       total 123392K, used 42111K [0x0000000081600000, 0x0000000088e80000, 0x00000000d5d00000)
  object space 123392K, 34% used [0x0000000081600000,0x0000000083f1fc38,0x0000000088e80000)
 Metaspace       used 56405K, capacity 59006K, committed 59160K, reserved 1101824K
  class space    used 7277K, capacity 7768K, committed 7848K, reserved 1048576K
}
Event: 161.326 GC heap before
{Heap before GC invocations=16 (full 3):
 PSYoungGen      total 334336K, used 318976K [0x00000000d5d00000, 0x00000000ebc00000, 0x0000000100000000)
  eden space 318976K, 100% used [0x00000000d5d00000,0x00000000e9480000,0x00000000e9480000)
  from space 15360K, 0% used [0x00000000ea500000,0x00000000ea500000,0x00000000eb400000)
  to   space 16896K, 0% used [0x00000000e9480000,0x00000000e9480000,0x00000000ea500000)
 ParOldGen       total 123392K, used 42111K [0x0000000081600000, 0x0000000088e80000, 0x00000000d5d00000)
  object space 123392K, 34% used [0x0000000081600000,0x0000000083f1fc38,0x0000000088e80000)
 Metaspace       used 56552K, capacity 59256K, committed 59416K, reserved 1101824K
  class space    used 7296K, capacity 7804K, committed 7848K, reserved 1048576K
Event: 161.330 GC heap after
Heap after GC invocations=16 (full 3):
 PSYoungGen      total 335872K, used 960K [0x00000000d5d00000, 0x00000000f1880000, 0x0000000100000000)
  eden space 318976K, 0% used [0x00000000d5d00000,0x00000000d5d00000,0x00000000e9480000)
  from space 16896K, 5% used [0x00000000e9480000,0x00000000e9570000,0x00000000ea500000)
  to   space 17408K, 0% used [0x00000000f0780000,0x00000000f0780000,0x00000000f1880000)
 ParOldGen       total 123392K, used 42119K [0x0000000081600000, 0x0000000088e80000, 0x00000000d5d00000)
  object space 123392K, 34% used [0x0000000081600000,0x0000000083f21c38,0x0000000088e80000)
 Metaspace       used 56552K, capacity 59256K, committed 59416K, reserved 1101824K
  class space    used 7296K, capacity 7804K, committed 7848K, reserved 1048576K
}

Deoptimization events (0 events):
No events

Internal exceptions (10 events):
Event: 23.869 Thread 0x0000000019816000 Exception <a 'java/lang/ArrayIndexOutOfBoundsException'> (0x00000000dff8b148) thrown at [C:\re\workspace\8-2-build-windows-amd64-cygwin\jdk8u131\8869\hotspot\src\share\vm\runtime\sharedRuntime.cpp, line 605]
Event: 23.894 Thread 0x0000000019816000 Exception <a 'java/lang/ArrayIndexOutOfBoundsException'> (0x00000000e00db550) thrown at [C:\re\workspace\8-2-build-windows-amd64-cygwin\jdk8u131\8869\hotspot\src\share\vm\runtime\sharedRuntime.cpp, line 605]
Event: 45.905 Thread 0x0000000019817800 Exception <a 'java/io/FileNotFoundException'> (0x00000000e3f3cf10) thrown at [C:\re\workspace\8-2-build-windows-amd64-cygwin\jdk8u131\8869\hotspot\src\share\vm\prims\jni.cpp, line 709]
Event: 47.366 Thread 0x000000001e348800 Exception <a 'java/lang/ClassNotFoundException': java/lang/ObjectCustomizer> (0x00000000d66a8710) thrown at [C:\re\workspace\8-2-build-windows-amd64-cygwin\jdk8u131\8869\hotspot\src\share\vm\classfile\systemDictionary.cpp, line 210]
Event: 47.366 Thread 0x000000001e348800 Exception <a 'java/lang/ArrayIndexOutOfBoundsException'> (0x00000000d66aba58) thrown at [C:\re\workspace\8-2-build-windows-amd64-cygwin\jdk8u131\8869\hotspot\src\share\vm\runtime\sharedRuntime.cpp, line 605]
Event: 47.369 Thread 0x000000001e348800 Exception <a 'java/lang/ClassNotFoundException': com/crm/graduation/crmsystem/model/vo/client/NewClientVoCustomizer> (0x00000000d66d43e0) thrown at [C:\re\workspace\8-2-build-windows-amd64-cygwin\jdk8u131\8869\hotspot\src\share\vm\classfile\systemDictiona
Event: 47.406 Thread 0x000000001e348800 Exception <a 'java/lang/ClassNotFoundException': java/lang/ObjectCustomizer> (0x00000000d676e050) thrown at [C:\re\workspace\8-2-build-windows-amd64-cygwin\jdk8u131\8869\hotspot\src\share\vm\classfile\systemDictionary.cpp, line 210]
Event: 47.408 Thread 0x000000001e348800 Exception <a 'java/lang/ClassNotFoundException': com/crm/graduation/crmsystem/entity/client/CrmClientAddressCustomizer> (0x00000000d679a7a8) thrown at [C:\re\workspace\8-2-build-windows-amd64-cygwin\jdk8u131\8869\hotspot\src\share\vm\classfile\systemDicti
Event: 47.411 Thread 0x000000001e348800 Exception <a 'java/lang/ArrayIndexOutOfBoundsException'> (0x00000000d67b9430) thrown at [C:\re\workspace\8-2-build-windows-amd64-cygwin\jdk8u131\8869\hotspot\src\share\vm\runtime\sharedRuntime.cpp, line 605]
Event: 47.462 Thread 0x000000001e348800 Exception <a 'java/lang/ArrayIndexOutOfBoundsException'> (0x00000000d68c8b10) thrown at [C:\re\workspace\8-2-build-windows-amd64-cygwin\jdk8u131\8869\hotspot\src\share\vm\runtime\sharedRuntime.cpp, line 605]

Events (10 events):
Event: 138.541 loading class redis/clients/util/IOUtils
Event: 138.541 loading class redis/clients/util/IOUtils done
Event: 138.541 Thread 0x0000000019810000 DEOPT PACKING pc=0x000000000262fd09 sp=0x000000001f2cd960
Event: 138.541 Thread 0x0000000019810000 DEOPT UNPACKING pc=0x000000000245787f sp=0x000000001f2cd6b0 mode 1
Event: 138.541 Thread 0x0000000019810000 DEOPT PACKING pc=0x0000000003148774 sp=0x000000001f2cd9e0
Event: 138.541 Thread 0x0000000019810000 DEOPT UNPACKING pc=0x000000000245787f sp=0x000000001f2cd800 mode 1
Event: 138.541 Thread 0x0000000019810000 DEOPT PACKING pc=0x00000000031486bc sp=0x000000001f2cdb70
Event: 138.541 Thread 0x0000000019810000 DEOPT UNPACKING pc=0x000000000245787f sp=0x000000001f2cd990 mode 1
Event: 161.326 Executing VM operation: ParallelGCFailedAllocation
Event: 161.330 Executing VM operation: ParallelGCFailedAllocation done


Dynamic libraries:
0x000000013fdf0000 - 0x000000013fe27000 	D:\Program Files\Java\jdk1.8.0_131\bin\java.exe
0x0000000077bb0000 - 0x0000000077d5a000 	C:\windows\SYSTEM32\ntdll.dll
0x0000000077990000 - 0x0000000077aaf000 	C:\windows\system32\kernel32.dll
0x000007fefdb50000 - 0x000007fefdbba000 	C:\windows\system32\KERNELBASE.dll
0x000007fefe340000 - 0x000007fefe41b000 	C:\windows\system32\ADVAPI32.dll
0x000007feff950000 - 0x000007feff9ef000 	C:\windows\system32\msvcrt.dll
0x000007feff840000 - 0x000007feff85f000 	C:\windows\SYSTEM32\sechost.dll
0x000007feff2c0000 - 0x000007feff3ed000 	C:\windows\system32\RPCRT4.dll
0x0000000077ab0000 - 0x0000000077baa000 	C:\windows\system32\USER32.dll
0x000007feff1b0000 - 0x000007feff217000 	C:\windows\system32\GDI32.dll
0x000007fefe330000 - 0x000007fefe33e000 	C:\windows\system32\LPK.dll
0x000007feffba0000 - 0x000007feffc6a000 	C:\windows\system32\USP10.dll
0x000007fefbfc0000 - 0x000007fefc1b4000 	C:\windows\WinSxS\amd64_microsoft.windows.common-controls_6595b64144ccf1df_6.0.7601.18837_none_fa3b1e3d17594757\COMCTL32.dll
0x000007feff490000 - 0x000007feff501000 	C:\windows\system32\SHLWAPI.dll
0x000007fefe300000 - 0x000007fefe32e000 	C:\windows\system32\IMM32.DLL
0x000007fefdd40000 - 0x000007fefde49000 	C:\windows\system32\MSCTF.dll
0x000007fefd7e0000 - 0x000007fefd810000 	C:\windows\system32\nvinitx.dll
0x000007fefd7d0000 - 0x000007fefd7dc000 	C:\windows\system32\VERSION.dll
0x0000000075020000 - 0x0000000075026000 	C:\Program Files\NVIDIA Corporation\CoProcManager\detoured.dll
0x000007fefb200000 - 0x000007fefb238000 	C:\Program Files\NVIDIA Corporation\CoProcManager\nvd3d9wrapx.dll
0x000007fefe120000 - 0x000007fefe2f7000 	C:\windows\system32\SETUPAPI.dll
0x000007fefdb10000 - 0x000007fefdb46000 	C:\windows\system32\CFGMGR32.dll
0x000007feff870000 - 0x000007feff94a000 	C:\windows\system32\OLEAUT32.dll
0x000007feffcc0000 - 0x000007feffebc000 	C:\windows\system32\ole32.dll
0x000007fefdaa0000 - 0x000007fefdaba000 	C:\windows\system32\DEVOBJ.dll
0x000007fefb1d0000 - 0x000007fefb1f4000 	C:\Program Files\NVIDIA Corporation\CoProcManager\nvdxgiwrapx.dll
0x0000000074b10000 - 0x0000000074be2000 	D:\Program Files\Java\jdk1.8.0_131\jre\bin\msvcr100.dll
0x0000000053700000 - 0x0000000053f9c000 	D:\Program Files\Java\jdk1.8.0_131\jre\bin\server\jvm.dll
0x000007fef7000000 - 0x000007fef7009000 	C:\windows\system32\WSOCK32.dll
0x000007feffc70000 - 0x000007feffcbd000 	C:\windows\system32\WS2_32.dll
0x000007feff860000 - 0x000007feff868000 	C:\windows\system32\NSI.dll
0x000007fefb740000 - 0x000007fefb77b000 	C:\windows\system32\WINMM.dll
0x0000000077d80000 - 0x0000000077d87000 	C:\windows\system32\PSAPI.DLL
0x0000000074ca0000 - 0x0000000074caf000 	D:\Program Files\Java\jdk1.8.0_131\jre\bin\verify.dll
0x0000000074ae0000 - 0x0000000074b09000 	D:\Program Files\Java\jdk1.8.0_131\jre\bin\java.dll
0x000000006ec90000 - 0x000000006ecc5000 	D:\Program Files\Java\jdk1.8.0_131\jre\bin\jdwp.dll
0x0000000074aa0000 - 0x0000000074aa8000 	D:\Program Files\Java\jdk1.8.0_131\jre\bin\npt.dll
0x000000006ec60000 - 0x000000006ec83000 	D:\Program Files\Java\jdk1.8.0_131\jre\bin\instrument.dll
0x0000000074ac0000 - 0x0000000074ad6000 	D:\Program Files\Java\jdk1.8.0_131\jre\bin\zip.dll
0x000007fefe420000 - 0x000007feff1a9000 	C:\windows\system32\SHELL32.dll
0x000007fefd8a0000 - 0x000007fefd8af000 	C:\windows\system32\profapi.dll
0x0000000074a90000 - 0x0000000074a99000 	D:\Program Files\Java\jdk1.8.0_131\jre\bin\dt_socket.dll
0x000007fefcfd0000 - 0x000007fefd025000 	C:\windows\system32\mswsock.dll
0x000007fefc740000 - 0x000007fefc747000 	C:\windows\System32\wshtcpip.dll
0x0000000074a80000 - 0x0000000074a8d000 	D:\Program Files\Java\jdk1.8.0_131\jre\bin\management.dll
0x000000006ec40000 - 0x000000006ec5a000 	D:\Program Files\Java\jdk1.8.0_131\jre\bin\net.dll
0x000007fefcfc0000 - 0x000007fefcfc7000 	C:\windows\System32\wship6.dll
0x000000006ec20000 - 0x000000006ec31000 	D:\Program Files\Java\jdk1.8.0_131\jre\bin\nio.dll
0x000007fefb9d0000 - 0x000007fefb9e5000 	C:\windows\system32\NLAapi.dll
0x000007feec810000 - 0x000007feec825000 	C:\windows\system32\napinsp.dll
0x000007feec7a0000 - 0x000007feec7b9000 	C:\windows\system32\pnrpnsp.dll
0x000007fefce50000 - 0x000007fefceab000 	C:\windows\system32\DNSAPI.dll
0x000007feec790000 - 0x000007feec79b000 	C:\windows\System32\winrnr.dll
0x000007feef260000 - 0x000007feef270000 	C:\windows\system32\wshbth.dll
0x000007fefb270000 - 0x000007fefb297000 	C:\windows\system32\IPHLPAPI.DLL
0x000007fefb260000 - 0x000007fefb26b000 	C:\windows\system32\WINNSI.DLL
0x000007fef6650000 - 0x000007fef6658000 	C:\windows\system32\rasadhlp.dll
0x000007fef9c70000 - 0x000007fef9cc3000 	C:\windows\System32\fwpuclnt.dll
0x000007fefd030000 - 0x000007fefd048000 	C:\windows\system32\CRYPTSP.dll
0x000007fefcd30000 - 0x000007fefcd77000 	C:\windows\system32\rsaenh.dll
0x000007fefdad0000 - 0x000007fefdaee000 	C:\windows\system32\USERENV.dll
0x000007fefd6c0000 - 0x000007fefd6cf000 	C:\windows\system32\CRYPTBASE.dll
0x000007fefa9d0000 - 0x000007fefa9e1000 	C:\windows\system32\dhcpcsvc6.DLL
0x000007fefa990000 - 0x000007fefa9a8000 	C:\windows\system32\dhcpcsvc.DLL
0x000000006ebf0000 - 0x000000006ec14000 	D:\Program Files\Java\jdk1.8.0_131\jre\bin\sunec.dll
0x000000006ea50000 - 0x000000006ebe8000 	D:\Program Files\Java\jdk1.8.0_131\jre\bin\awt.dll
0x000000006ea10000 - 0x000000006ea41000 	D:\Program Files\Java\jdk1.8.0_131\jre\bin\jpeg.dll
0x000007feecc10000 - 0x000007feecd35000 	C:\windows\system32\dbghelp.dll

VM Arguments:
jvm_args: -agentlib:jdwp=transport=dt_socket,address=127.0.0.1:54734,suspend=y,server=n -XX:TieredStopAtLevel=1 -Xverify:none -Dspring.output.ansi.enabled=always -Dcom.sun.management.jmxremote -Dcom.sun.management.jmxremote.port=54733 -Dcom.sun.management.jmxremote.authenticate=false -Dcom.sun.management.jmxremote.ssl=false -Djava.rmi.server.hostname=localhost -Dspring.liveBeansView.mbeanDomain -Dspring.application.admin.enabled=true -javaagent:C:\Users\Administrator\.IntelliJIdea2018.2\system\captureAgent\debugger-agent.jar=file:/C:/Users/Administrator/AppData/Local/Temp/capture8253.props -Dfile.encoding=UTF-8 
java_command: com.crm.graduation.crmsystem.CrmsystemApplication
java_class_path (initial): D:\Program Files\Java\jdk1.8.0_131\jre\lib\charsets.jar;D:\Program Files\Java\jdk1.8.0_131\jre\lib\deploy.jar;D:\Program Files\Java\jdk1.8.0_131\jre\lib\ext\access-bridge-64.jar;D:\Program Files\Java\jdk1.8.0_131\jre\lib\ext\cldrdata.jar;D:\Program Files\Java\jdk1.8.0_131\jre\lib\ext\dnsns.jar;D:\Program Files\Java\jdk1.8.0_131\jre\lib\ext\jaccess.jar;D:\Program Files\Java\jdk1.8.0_131\jre\lib\ext\jfxrt.jar;D:\Program Files\Java\jdk1.8.0_131\jre\lib\ext\localedata.jar;D:\Program Files\Java\jdk1.8.0_131\jre\lib\ext\nashorn.jar;D:\Program Files\Java\jdk1.8.0_131\jre\lib\ext\sunec.jar;D:\Program Files\Java\jdk1.8.0_131\jre\lib\ext\sunjce_provider.jar;D:\Program Files\Java\jdk1.8.0_131\jre\lib\ext\sunmscapi.jar;D:\Program Files\Java\jdk1.8.0_131\jre\lib\ext\sunpkcs11.jar;D:\Program Files\Java\jdk1.8.0_131\jre\lib\ext\zipfs.jar;D:\Program Files\Java\jdk1.8.0_131\jre\lib\javaws.jar;D:\Program Files\Java\jdk1.8.0_131\jre\lib\jce.jar;D:\Program Files\Java\jdk1.8.0_131\jre\lib\jfr.jar;D:\Program Files\Java\jdk1.8.0_131\jre\lib\jfxswt.jar;D:\Program Files\Java\jdk1.8.0_131\jre\lib\jsse.jar;D:\Program Files\Java\jdk1.8.0_131\jre\lib\management-agent.jar;D:\Program Files\Java\jdk1.8.0_131\jre\lib\plugin.jar;D:\Program Files\Java\jdk1.8.0_131\jre\lib\resources.jar;D:\Program Files\Java\jdk1.8.0_131\jre\lib\rt.jar;E:\crmsystem\target\classes;D:\developmentTool\apache-maven-3.5.4-bin\remaven\org\apache\httpcomponents\httpclient\4.4\httpclient-4.4.jar;D:\developmentTool\apache-maven-3.5.4-bin\remaven\org\apache\httpcomponents\httpcore\4.4.10\httpcore-4.4.10.jar;D:\developmentTool\apache-maven-3.5.4-bin\remaven\commons-codec\commons-codec\1.11\commons-codec-1.11.jar;D:\developmentTool\apache-maven-3.5.4-bin\remaven\org\apache\httpcomponents\httpmime\4.4\httpmime-4.4.jar;D:\developmentTool\apache-maven-3.5.4-bin\remaven\log4j\log4j\1.2.17\log4j-1.2.17.jar;D:\developmentTool\apache-maven-3.5.4-bin\remaven\org\springframework\boot\spring-boot-starter-data-r
Launcher Type: SUN_STANDARD

Environment Variables:
PATH=C:\ProgramData\Oracle\Java\javapath;C:\windows\system32;C:\windows;C:\windows\System32\Wbem;C:\windows\System32\WindowsPowerShell\v1.0\;C:\Program Files\Intel\WiFi\bin\;C:\Program Files\Common Files\Intel\WirelessCommon\;D:\developmentTool\svn\bin;C:\Program Files (x86)\NVIDIA Corporation\PhysX\Common;D:\developmentTool\Git\cmd;D:\developmentTool\redis\;D:\developmentTool\mysql\mysql-5.6.41-winx64\bin\;D:\developmentTool\apache-maven-3.5.4-bin\apache-maven-3.5.4\bin\;C:\Program Files\Intel\WiFi\bin\;C:\Program Files\Common Files\Intel\WirelessCommon\
USERNAME=Administrator
OS=Windows_NT
PROCESSOR_IDENTIFIER=Intel64 Family 6 Model 61 Stepping 4, GenuineIntel



---------------  S Y S T E M  ---------------

OS: Windows 7 , 64 bit Build 7601 (6.1.7601.23864)

CPU:total 4 (initial active 4) (2 cores per cpu, 2 threads per core) family 6 model 61 stepping 4, cmov, cx8, fxsr, mmx, sse, sse2, sse3, ssse3, sse4.1, sse4.2, popcnt, avx, avx2, aes, clmul, erms, 3dnowpref, lzcnt, ht, tsc, tscinvbit, bmi1, bmi2, adx

Memory: 4k page, physical 8296976k(2403848k free), swap 16592092k(9151812k free)

vm_info: Java HotSpot(TM) 64-Bit Server VM (25.131-b11) for windows-amd64 JRE (1.8.0_131-b11), built on Mar 15 2017 01:23:53 by "java_re" with MS VC++ 10.0 (VS2010)

time: Fri Dec 28 10:16:15 2018
elapsed time: 278 seconds (0d 0h 4m 38s)

