#
# A fatal error has been detected by the Java Runtime Environment:
#
#  EXCEPTION_ACCESS_VIOLATION (0xc0000005) at pc=0x0000000076fe903f, pid=6624, tid=0x00000000000017d4
#
# JRE version: Java(TM) SE Runtime Environment (8.0_131-b11) (build 1.8.0_131-b11)
# Java VM: Java HotSpot(TM) 64-Bit Server VM (25.131-b11 mixed mode windows-amd64 compressed oops)
# Problematic frame:
# C  [ntdll.dll+0x4903f]
#
# Failed to write core dump. Minidumps are not enabled by default on client versions of Windows
#
# If you would like to submit a bug report, please visit:
#   http://bugreport.java.com/bugreport/crash.jsp
# The crash happened outside the Java Virtual Machine in native code.
# See problematic frame for where to report the bug.
#

---------------  T H R E A D  ---------------

Current thread (0x000000005f222000):  JavaThread "File Watcher" daemon [_thread_in_native, id=6100, stack(0x000000005b680000,0x000000005b780000)]

siginfo: ExceptionCode=0xc0000005, writing address 0x000000000000005c

Registers:
RAX=0x000000000000005c, RBX=0x000000005eeb53c0, RCX=0x000000005eeb5440, RDX=0x00000000000000c4
RSP=0x000000005b77ef30, RBP=0x000000000000fffe, RSI=0x0000000000000000, RDI=0x000000005eeb53c0
R8 =0x0000000000000062, R9 =0x00000000000000c4, R10=0x0000000000000000, R11=0x000000000000ffff
R12=0x00000000000000c4, R13=0x0000000000000012, R14=0x000000005b77f130, R15=0x0000000000000062
RIP=0x0000000076fe903f, EFLAGS=0x0000000000010246

Top of Stack: (sp=0x000000005b77ef30)
0x000000005b77ef30:   00000000000000d0 00000000020b0000
0x000000005b77ef40:   00000000000000c6 00000000000000c6
0x000000005b77ef50:   0000000000c600c4 000000005eeb53c0
0x000000005b77ef60:   000000005b77f0f0 0000000076ff0318
0x000000005b77ef70:   0000000000000000 000000005b77f240
0x000000005b77ef80:   000000005eeb53c0 0000000000000061
0x000000005b77ef90:   0000000000000000 0000000000000001
0x000000005b77efa0:   0000000000000007 00000000021a0080
0x000000005b77efb0:   000000005b77f6c0 00000000000000c4
0x000000005b77efc0:   00000000021acec0 0000000000000000
0x000000005b77efd0:   0000000000000001 000000020000000c
0x000000005b77efe0:   0000000000000101 000007fefcd01873
0x000000005b77eff0:   000000005b77f178 000000005eeb53c0
0x000000005b77f000:   00000000000000e0 00000000020b0000
0x000000005b77f010:   00000000000000d0 00000000000000d0
0x000000005b77f020:   0000000000000000 0000000000c600c4 

Instructions: (pc=0x0000000076fe903f)
0x0000000076fe901f:   e2 fc 8b c2 48 01 41 18 8b 41 10 4c 89 44 c1 20
0x0000000076fe902f:   ff 41 10 8b c2 c3 44 8a 74 24 40 e9 50 57 00 00
0x0000000076fe903f:   41 0f b7 c1 48 83 c1 02 48 d1 e8 48 8d 04 43 48
0x0000000076fe904f:   3b c8 73 39 0f b7 01 66 83 c8 20 66 83 f8 70 0f 


Register to memory mapping:

RAX=0x000000000000005c is an unknown value
RBX=0x000000005eeb53c0 is an unknown value
RCX=0x000000005eeb5440 is an unknown value
RDX=0x00000000000000c4 is an unknown value
RSP=0x000000005b77ef30 is pointing into the stack for thread: 0x000000005f222000
RBP=0x000000000000fffe is an unknown value
RSI=0x0000000000000000 is an unknown value
RDI=0x000000005eeb53c0 is an unknown value
R8 =0x0000000000000062 is an unknown value
R9 =0x00000000000000c4 is an unknown value
R10=0x0000000000000000 is an unknown value
R11=0x000000000000ffff is an unknown value
R12=0x00000000000000c4 is an unknown value
R13=0x0000000000000012 is an unknown value
R14=0x000000005b77f130 is pointing into the stack for thread: 0x000000005f222000
R15=0x0000000000000062 is an unknown value


Stack: [0x000000005b680000,0x000000005b780000],  sp=0x000000005b77ef30,  free space=1019k
Native frames: (J=compiled Java code, j=interpreted, Vv=VM code, C=native code)
C  [ntdll.dll+0x4903f]
C  [ntdll.dll+0x50318]
C  [ntdll.dll+0x50d8a]
C  [KERNELBASE.dll+0x7056]
C  [java.dll+0x9ffc]
C  [java.dll+0xa127]
C  0x0000000002741d09

Java frames: (J=compiled Java code, j=interpreted, Vv=VM code)
J 566  java.io.WinNTFileSystem.getBooleanAttributes(Ljava/io/File;)I (0 bytes) @ 0x0000000002741c8f [0x0000000002741c40+0x4f]
J 1646 C1 java.io.File.isDirectory()Z (43 bytes) @ 0x00000000028fefac [0x00000000028fef00+0xac]
J 5497 C1 org.springframework.boot.devtools.filewatch.FolderSnapshot.collectFiles(Ljava/io/File;Ljava/util/Set;)V (99 bytes) @ 0x000000000309776c [0x00000000030976e0+0x8c]
J 5497 C1 org.springframework.boot.devtools.filewatch.FolderSnapshot.collectFiles(Ljava/io/File;Ljava/util/Set;)V (99 bytes) @ 0x0000000003097864 [0x00000000030976e0+0x184]
J 5497 C1 org.springframework.boot.devtools.filewatch.FolderSnapshot.collectFiles(Ljava/io/File;Ljava/util/Set;)V (99 bytes) @ 0x0000000003097864 [0x00000000030976e0+0x184]
J 5497 C1 org.springframework.boot.devtools.filewatch.FolderSnapshot.collectFiles(Ljava/io/File;Ljava/util/Set;)V (99 bytes) @ 0x0000000003097864 [0x00000000030976e0+0x184]
J 5497 C1 org.springframework.boot.devtools.filewatch.FolderSnapshot.collectFiles(Ljava/io/File;Ljava/util/Set;)V (99 bytes) @ 0x0000000003097864 [0x00000000030976e0+0x184]
J 5497 C1 org.springframework.boot.devtools.filewatch.FolderSnapshot.collectFiles(Ljava/io/File;Ljava/util/Set;)V (99 bytes) @ 0x0000000003097864 [0x00000000030976e0+0x184]
j  org.springframework.boot.devtools.filewatch.FolderSnapshot.<init>(Ljava/io/File;)V+76
j  org.springframework.boot.devtools.filewatch.FileSystemWatcher$Watcher.getCurrentSnapshots()Ljava/util/Map;+49
j  org.springframework.boot.devtools.filewatch.FileSystemWatcher$Watcher.scan()V+20
j  org.springframework.boot.devtools.filewatch.FileSystemWatcher$Watcher.run()V+30
j  java.lang.Thread.run()V+11
v  ~StubRoutines::call_stub

---------------  P R O C E S S  ---------------

Java Threads: ( => current thread )
  0x000000005f29d800 JavaThread "Druid-ConnectionPool-Destroy-500238451" daemon [_thread_blocked, id=3420, stack(0x0000000060f20000,0x0000000061020000)]
  0x000000005f29a800 JavaThread "Druid-ConnectionPool-Create-500238451" daemon [_thread_blocked, id=7032, stack(0x00000000623b0000,0x00000000624b0000)]
  0x000000005f29c800 JavaThread "Abandoned connection cleanup thread" daemon [_thread_blocked, id=5616, stack(0x00000000624f0000,0x00000000625f0000)]
  0x000000005f29b000 JavaThread "RMI TCP Connection(idle)" daemon [_thread_blocked, id=6536, stack(0x000000005cbe0000,0x000000005cce0000)]
  0x000000005f260000 JavaThread "RMI TCP Connection(idle)" daemon [_thread_blocked, id=7144, stack(0x0000000061a80000,0x0000000061b80000)]
  0x000000005f25f000 JavaThread "DestroyJavaVM" [_thread_blocked, id=4952, stack(0x0000000002460000,0x0000000002560000)]
  0x000000005f25e800 JavaThread "http-nio-8080-AsyncTimeout" daemon [_thread_blocked, id=4320, stack(0x00000000618d0000,0x00000000619d0000)]
  0x000000005f25d800 JavaThread "http-nio-8080-Acceptor-0" daemon [_thread_in_native, id=6812, stack(0x0000000061620000,0x0000000061720000)]
  0x000000005f25d000 JavaThread "http-nio-8080-ClientPoller-1" daemon [_thread_in_native, id=5944, stack(0x0000000061720000,0x0000000061820000)]
  0x000000005f25c000 JavaThread "http-nio-8080-ClientPoller-0" daemon [_thread_in_native, id=5452, stack(0x0000000061490000,0x0000000061590000)]
  0x000000005f25b800 JavaThread "http-nio-8080-exec-10" daemon [_thread_blocked, id=7164, stack(0x0000000061340000,0x0000000061440000)]
  0x000000005f25a800 JavaThread "http-nio-8080-exec-9" daemon [_thread_blocked, id=6588, stack(0x000000005cce0000,0x000000005cde0000)]
  0x000000005f25a000 JavaThread "http-nio-8080-exec-8" daemon [_thread_blocked, id=7048, stack(0x0000000061220000,0x0000000061320000)]
  0x000000005f259000 JavaThread "http-nio-8080-exec-7" daemon [_thread_blocked, id=7000, stack(0x0000000061040000,0x0000000061140000)]
  0x000000005f228000 JavaThread "http-nio-8080-exec-6" daemon [_thread_blocked, id=3932, stack(0x0000000060e10000,0x0000000060f10000)]
  0x000000005f227000 JavaThread "http-nio-8080-exec-5" daemon [_thread_blocked, id=6452, stack(0x0000000060ca0000,0x0000000060da0000)]
  0x000000005f226800 JavaThread "http-nio-8080-exec-4" daemon [_thread_blocked, id=7136, stack(0x0000000060b90000,0x0000000060c90000)]
  0x000000005f225800 JavaThread "http-nio-8080-exec-3" daemon [_thread_blocked, id=5812, stack(0x00000000603f0000,0x00000000604f0000)]
  0x000000005f225000 JavaThread "http-nio-8080-exec-2" daemon [_thread_blocked, id=6920, stack(0x00000000609e0000,0x0000000060ae0000)]
  0x000000005f224000 JavaThread "http-nio-8080-exec-1" daemon [_thread_blocked, id=6884, stack(0x0000000060860000,0x0000000060960000)]
  0x000000005f223800 JavaThread "NioBlockingSelector.BlockPoller-1" daemon [_thread_in_native, id=2572, stack(0x0000000060730000,0x0000000060830000)]
  0x000000005f222800 JavaThread "Live Reload Server" daemon [_thread_in_native, id=6612, stack(0x0000000060580000,0x0000000060680000)]
=>0x000000005f222000 JavaThread "File Watcher" daemon [_thread_in_native, id=6100, stack(0x000000005b680000,0x000000005b780000)]
  0x000000005f221000 JavaThread "RMI TCP Connection(idle)" daemon [_thread_blocked, id=7068, stack(0x000000005d8e0000,0x000000005d9e0000)]
  0x000000005bd84800 JavaThread "commons-pool-evictor-thread" [_thread_blocked, id=3576, stack(0x000000005fec0000,0x000000005ffc0000)]
  0x000000005bd84000 JavaThread "container-0" [_thread_blocked, id=6188, stack(0x000000005fac0000,0x000000005fbc0000)]
  0x000000005bd83000 JavaThread "ContainerBackgroundProcessor[StandardEngine[Tomcat]]" daemon [_thread_blocked, id=6280, stack(0x000000005cae0000,0x000000005cbe0000)]
  0x000000005bd81800 JavaThread "RMI TCP Connection(idle)" daemon [_thread_blocked, id=6252, stack(0x000000005aa10000,0x000000005ab10000)]
  0x000000005a30e800 JavaThread "RMI Scheduler(0)" daemon [_thread_blocked, id=5520, stack(0x000000005b580000,0x000000005b680000)]
  0x000000005a2e9800 JavaThread "RMI TCP Accept-0" daemon [_thread_in_native, id=6024, stack(0x000000005aca0000,0x000000005ada0000)]
  0x000000005a2ef000 JavaThread "RMI TCP Connection(idle)" daemon [_thread_blocked, id=6008, stack(0x000000005b3d0000,0x000000005b4d0000)]
  0x000000005a2c9800 JavaThread "RMI TCP Connection(idle)" daemon [_thread_blocked, id=6948, stack(0x000000005af20000,0x000000005b020000)]
  0x000000005a2be800 JavaThread "RMI TCP Accept-57729" daemon [_thread_in_native, id=6600, stack(0x000000005b150000,0x000000005b250000)]
  0x000000005a2b3000 JavaThread "RMI TCP Accept-0" daemon [_thread_in_native, id=5512, stack(0x0000000059960000,0x0000000059a60000)]
  0x0000000059fb3800 JavaThread "Service Thread" daemon [_thread_blocked, id=6696, stack(0x000000005ab40000,0x000000005ac40000)]
  0x0000000059f57000 JavaThread "C1 CompilerThread2" daemon [_thread_blocked, id=5572, stack(0x000000005a910000,0x000000005aa10000)]
  0x0000000059f1c000 JavaThread "C2 CompilerThread1" daemon [_thread_blocked, id=6244, stack(0x000000005a760000,0x000000005a860000)]
  0x0000000059f50800 JavaThread "C2 CompilerThread0" daemon [_thread_blocked, id=6172, stack(0x000000005a620000,0x000000005a720000)]
  0x0000000058960800 JavaThread "JDWP Command Reader" daemon [_thread_in_native, id=1620, stack(0x0000000059c60000,0x0000000059d60000)]
  0x000000005895d000 JavaThread "JDWP Event Helper Thread" daemon [_thread_blocked, id=6764, stack(0x0000000059aa0000,0x0000000059ba0000)]
  0x0000000058958000 JavaThread "JDWP Transport Listener: dt_socket" daemon [_thread_blocked, id=6976, stack(0x0000000059860000,0x0000000059960000)]
  0x0000000058939800 JavaThread "Attach Listener" daemon [_thread_blocked, id=6184, stack(0x00000000585d0000,0x00000000586d0000)]
  0x0000000058924000 JavaThread "Signal Dispatcher" daemon [_thread_blocked, id=5600, stack(0x0000000058d90000,0x0000000058e90000)]
  0x0000000057485800 JavaThread "Finalizer" daemon [_thread_blocked, id=6792, stack(0x0000000058820000,0x0000000058920000)]
  0x000000005743e800 JavaThread "Reference Handler" daemon [_thread_blocked, id=5232, stack(0x00000000586d0000,0x00000000587d0000)]

Other Threads:
  0x0000000057437800 VMThread [stack: 0x00000000584d0000,0x00000000585d0000] [id=7120]
  0x000000005a31d000 WatcherThread [stack: 0x000000005b7b0000,0x000000005b8b0000] [id=6428]

VM state:not at safepoint (normal execution)

VM Mutex/Monitor currently owned by a thread: None

Heap:
 PSYoungGen      total 242176K, used 78950K [0x00000000d5d00000, 0x00000000e6780000, 0x0000000100000000)
  eden space 223744K, 27% used [0x00000000d5d00000,0x00000000d981a828,0x00000000e3780000)
  from space 18432K, 99% used [0x00000000e4f80000,0x00000000e617f068,0x00000000e6180000)
  to   space 24576K, 0% used [0x00000000e3780000,0x00000000e3780000,0x00000000e4f80000)
 ParOldGen       total 98816K, used 35411K [0x0000000081600000, 0x0000000087680000, 0x00000000d5d00000)
  object space 98816K, 35% used [0x0000000081600000,0x0000000083894ea8,0x0000000087680000)
 Metaspace       used 55894K, capacity 58434K, committed 58664K, reserved 1099776K
  class space    used 7190K, capacity 7649K, committed 7728K, reserved 1048576K

Card table byte_map: [0x0000000011920000,0x0000000011d20000] byte_map_base: 0x0000000011515000

Marking Bits: (ParMarkBitMap*) 0x00000000596fc720
 Begin Bits: [0x0000000012750000, 0x00000000146f8000)
 End Bits:   [0x00000000146f8000, 0x00000000166a0000)

Polling page: 0x0000000000240000

CodeCache: size=245760Kb used=13686Kb max_used=13686Kb free=232073Kb
 bounds [0x0000000002560000, 0x00000000032c0000, 0x0000000011560000]
 total_blobs=7304 nmethods=6712 adapters=511
 compilation: enabled

Compilation events (10 events):
Event: 34.227 Thread 0x0000000059f57000 6807       1       org.springframework.util.MimeType$$Lambda$89/1427566412::accept (20 bytes)
Event: 34.228 Thread 0x0000000059f57000 nmethod 6807 0x00000000032bd290 code [0x00000000032bd400, 0x00000000032bd618]
Event: 34.438 Thread 0x0000000059f57000 6821       1       java.util.concurrent.atomic.AtomicLong::set (6 bytes)
Event: 34.438 Thread 0x0000000059f57000 nmethod 6821 0x00000000032bd750 code [0x00000000032bd8a0, 0x00000000032bd9d0]
Event: 35.632 Thread 0x0000000059f57000 6822       1       java.util.concurrent.SynchronousQueue$TransferStack::shouldSpin (30 bytes)
Event: 35.633 Thread 0x0000000059f57000 nmethod 6822 0x00000000032bda50 code [0x00000000032bdba0, 0x00000000032bdd10]
Event: 44.439 Thread 0x0000000059f57000 6823   !   1       org.apache.tomcat.util.net.NioEndpoint$Poller::events (103 bytes)
Event: 44.440 Thread 0x0000000059f57000 nmethod 6823 0x00000000032bdd90 code [0x00000000032bdf40, 0x00000000032be438]
Event: 50.745 Thread 0x0000000059f57000 6824       1       java.util.concurrent.atomic.AtomicReference::get (5 bytes)
Event: 50.745 Thread 0x0000000059f57000 nmethod 6824 0x00000000032bea10 code [0x00000000032beb60, 0x00000000032bec70]

GC Heap History (10 events):
Event: 9.845 GC heap before
{Heap before GC invocations=10 (full 2):
 PSYoungGen      total 165888K, used 12272K [0x00000000d5d00000, 0x00000000e3080000, 0x0000000100000000)
  eden space 153600K, 0% used [0x00000000d5d00000,0x00000000d5d00000,0x00000000df300000)
  from space 12288K, 99% used [0x00000000e0080000,0x00000000e0c7c3d8,0x00000000e0c80000)
  to   space 13824K, 0% used [0x00000000df300000,0x00000000df300000,0x00000000e0080000)
 ParOldGen       total 65024K, used 13103K [0x0000000081600000, 0x0000000085580000, 0x00000000d5d00000)
  object space 65024K, 20% used [0x0000000081600000,0x00000000822cbf60,0x0000000085580000)
 Metaspace       used 34231K, capacity 35410K, committed 35496K, reserved 1079296K
  class space    used 4480K, capacity 4777K, committed 4784K, reserved 1048576K
Event: 10.024 GC heap after
Heap after GC invocations=10 (full 2):
 PSYoungGen      total 165888K, used 0K [0x00000000d5d00000, 0x00000000e3080000, 0x0000000100000000)
  eden space 153600K, 0% used [0x00000000d5d00000,0x00000000d5d00000,0x00000000df300000)
  from space 12288K, 0% used [0x00000000e0080000,0x00000000e0080000,0x00000000e0c80000)
  to   space 13824K, 0% used [0x00000000df300000,0x00000000df300000,0x00000000e0080000)
 ParOldGen       total 98816K, used 20702K [0x0000000081600000, 0x0000000087680000, 0x00000000d5d00000)
  object space 98816K, 20% used [0x0000000081600000,0x0000000082a37af0,0x0000000087680000)
 Metaspace       used 34231K, capacity 35410K, committed 35496K, reserved 1079296K
  class space    used 4480K, capacity 4777K, committed 4784K, reserved 1048576K
}
Event: 11.657 GC heap before
{Heap before GC invocations=11 (full 2):
 PSYoungGen      total 165888K, used 153600K [0x00000000d5d00000, 0x00000000e3080000, 0x0000000100000000)
  eden space 153600K, 100% used [0x00000000d5d00000,0x00000000df300000,0x00000000df300000)
  from space 12288K, 0% used [0x00000000e0080000,0x00000000e0080000,0x00000000e0c80000)
  to   space 13824K, 0% used [0x00000000df300000,0x00000000df300000,0x00000000e0080000)
 ParOldGen       total 98816K, used 20702K [0x0000000081600000, 0x0000000087680000, 0x00000000d5d00000)
  object space 98816K, 20% used [0x0000000081600000,0x0000000082a37af0,0x0000000087680000)
 Metaspace       used 39463K, capacity 41160K, committed 41384K, reserved 1085440K
  class space    used 5145K, capacity 5502K, committed 5552K, reserved 1048576K
Event: 11.674 GC heap after
Heap after GC invocations=11 (full 2):
 PSYoungGen      total 167424K, used 11546K [0x00000000d5d00000, 0x00000000e3480000, 0x0000000100000000)
  eden space 153600K, 0% used [0x00000000d5d00000,0x00000000d5d00000,0x00000000df300000)
  from space 13824K, 83% used [0x00000000df300000,0x00000000dfe468b0,0x00000000e0080000)
  to   space 14848K, 0% used [0x00000000e2600000,0x00000000e2600000,0x00000000e3480000)
 ParOldGen       total 98816K, used 20710K [0x0000000081600000, 0x0000000087680000, 0x00000000d5d00000)
  object space 98816K, 20% used [0x0000000081600000,0x0000000082a39af0,0x0000000087680000)
 Metaspace       used 39463K, capacity 41160K, committed 41384K, reserved 1085440K
  class space    used 5145K, capacity 5502K, committed 5552K, reserved 1048576K
}
Event: 12.567 GC heap before
{Heap before GC invocations=12 (full 2):
 PSYoungGen      total 167424K, used 165146K [0x00000000d5d00000, 0x00000000e3480000, 0x0000000100000000)
  eden space 153600K, 100% used [0x00000000d5d00000,0x00000000df300000,0x00000000df300000)
  from space 13824K, 83% used [0x00000000df300000,0x00000000dfe468b0,0x00000000e0080000)
  to   space 14848K, 0% used [0x00000000e2600000,0x00000000e2600000,0x00000000e3480000)
 ParOldGen       total 98816K, used 20710K [0x0000000081600000, 0x0000000087680000, 0x00000000d5d00000)
  object space 98816K, 20% used [0x0000000081600000,0x0000000082a39af0,0x0000000087680000)
 Metaspace       used 40414K, capacity 42112K, committed 42280K, reserved 1085440K
  class space    used 5275K, capacity 5604K, committed 5680K, reserved 1048576K
Event: 12.585 GC heap after
Heap after GC invocations=12 (full 2):
 PSYoungGen      total 202752K, used 10321K [0x00000000d5d00000, 0x00000000e3300000, 0x0000000100000000)
  eden space 189440K, 0% used [0x00000000d5d00000,0x00000000d5d00000,0x00000000e1600000)
  from space 13312K, 77% used [0x00000000e2600000,0x00000000e3014460,0x00000000e3300000)
  to   space 14848K, 0% used [0x00000000e1600000,0x00000000e1600000,0x00000000e2480000)
 ParOldGen       total 98816K, used 20718K [0x0000000081600000, 0x0000000087680000, 0x00000000d5d00000)
  object space 98816K, 20% used [0x0000000081600000,0x0000000082a3baf0,0x0000000087680000)
 Metaspace       used 40414K, capacity 42112K, committed 42280K, reserved 1085440K
  class space    used 5275K, capacity 5604K, committed 5680K, reserved 1048576K
}
Event: 15.711 GC heap before
{Heap before GC invocations=13 (full 2):
 PSYoungGen      total 202752K, used 199761K [0x00000000d5d00000, 0x00000000e3300000, 0x0000000100000000)
  eden space 189440K, 100% used [0x00000000d5d00000,0x00000000e1600000,0x00000000e1600000)
  from space 13312K, 77% used [0x00000000e2600000,0x00000000e3014460,0x00000000e3300000)
  to   space 14848K, 0% used [0x00000000e1600000,0x00000000e1600000,0x00000000e2480000)
 ParOldGen       total 98816K, used 20718K [0x0000000081600000, 0x0000000087680000, 0x00000000d5d00000)
  object space 98816K, 20% used [0x0000000081600000,0x0000000082a3baf0,0x0000000087680000)
 Metaspace       used 46545K, capacity 48686K, committed 48808K, reserved 1091584K
  class space    used 6103K, capacity 6492K, committed 6576K, reserved 1048576K
Event: 15.748 GC heap after
Heap after GC invocations=13 (full 2):
 PSYoungGen      total 204288K, used 14817K [0x00000000d5d00000, 0x00000000e6180000, 0x0000000100000000)
  eden space 189440K, 0% used [0x00000000d5d00000,0x00000000d5d00000,0x00000000e1600000)
  from space 14848K, 99% used [0x00000000e1600000,0x00000000e2478568,0x00000000e2480000)
  to   space 18432K, 0% used [0x00000000e4f80000,0x00000000e4f80000,0x00000000e6180000)
 ParOldGen       total 98816K, used 26006K [0x0000000081600000, 0x0000000087680000, 0x00000000d5d00000)
  object space 98816K, 26% used [0x0000000081600000,0x0000000082f65940,0x0000000087680000)
 Metaspace       used 46545K, capacity 48686K, committed 48808K, reserved 1091584K
  class space    used 6103K, capacity 6492K, committed 6576K, reserved 1048576K
}
Event: 41.735 GC heap before
{Heap before GC invocations=14 (full 2):
 PSYoungGen      total 204288K, used 204257K [0x00000000d5d00000, 0x00000000e6180000, 0x0000000100000000)
  eden space 189440K, 100% used [0x00000000d5d00000,0x00000000e1600000,0x00000000e1600000)
  from space 14848K, 99% used [0x00000000e1600000,0x00000000e2478568,0x00000000e2480000)
  to   space 18432K, 0% used [0x00000000e4f80000,0x00000000e4f80000,0x00000000e6180000)
 ParOldGen       total 98816K, used 26006K [0x0000000081600000, 0x0000000087680000, 0x00000000d5d00000)
  object space 98816K, 26% used [0x0000000081600000,0x0000000082f65940,0x0000000087680000)
 Metaspace       used 55865K, capacity 58434K, committed 58664K, reserved 1099776K
  class space    used 7187K, capacity 7649K, committed 7728K, reserved 1048576K
Event: 41.782 GC heap after
Heap after GC invocations=14 (full 2):
 PSYoungGen      total 242176K, used 18428K [0x00000000d5d00000, 0x00000000e6780000, 0x0000000100000000)
  eden space 223744K, 0% used [0x00000000d5d00000,0x00000000d5d00000,0x00000000e3780000)
  from space 18432K, 99% used [0x00000000e4f80000,0x00000000e617f068,0x00000000e6180000)
  to   space 24576K, 0% used [0x00000000e3780000,0x00000000e3780000,0x00000000e4f80000)
 ParOldGen       total 98816K, used 35411K [0x0000000081600000, 0x0000000087680000, 0x00000000d5d00000)
  object space 98816K, 35% used [0x0000000081600000,0x0000000083894ea8,0x0000000087680000)
 Metaspace       used 55865K, capacity 58434K, committed 58664K, reserved 1099776K
  class space    used 7187K, capacity 7649K, committed 7728K, reserved 1048576K
}

Deoptimization events (0 events):
No events

Internal exceptions (10 events):
Event: 31.339 Thread 0x000000005f228000 Exception <a 'java/lang/ClassNotFoundException': java/lang/ObjectCustomizer> (0x00000000defd43f8) thrown at [C:\re\workspace\8-2-build-windows-amd64-cygwin\jdk8u131\8869\hotspot\src\share\vm\classfile\systemDictionary.cpp, line 210]
Event: 31.340 Thread 0x000000005f228000 Exception <a 'java/lang/ClassNotFoundException': com/crm/graduation/crmsystem/entity/other/CrmFeedbackCustomizer> (0x00000000defff738) thrown at [C:\re\workspace\8-2-build-windows-amd64-cygwin\jdk8u131\8869\hotspot\src\share\vm\classfile\systemDictionary.
Event: 31.343 Thread 0x000000005f228000 Exception <a 'java/lang/ArrayIndexOutOfBoundsException'> (0x00000000df01b0d8) thrown at [C:\re\workspace\8-2-build-windows-amd64-cygwin\jdk8u131\8869\hotspot\src\share\vm\runtime\sharedRuntime.cpp, line 605]
Event: 31.448 Thread 0x000000005f228000 Exception <a 'java/lang/ArrayIndexOutOfBoundsException'> (0x00000000df112f08) thrown at [C:\re\workspace\8-2-build-windows-amd64-cygwin\jdk8u131\8869\hotspot\src\share\vm\runtime\sharedRuntime.cpp, line 605]
Event: 31.463 Thread 0x000000005f228000 Exception <a 'java/io/FileNotFoundException'> (0x00000000df1b2d70) thrown at [C:\re\workspace\8-2-build-windows-amd64-cygwin\jdk8u131\8869\hotspot\src\share\vm\prims\jni.cpp, line 709]
Event: 31.467 Thread 0x000000005f228000 Exception <a 'java/io/FileNotFoundException'> (0x00000000df20f1e0) thrown at [C:\re\workspace\8-2-build-windows-amd64-cygwin\jdk8u131\8869\hotspot\src\share\vm\prims\jni.cpp, line 709]
Event: 31.485 Thread 0x000000005f228000 Exception <a 'java/io/FileNotFoundException'> (0x00000000df2cd2d8) thrown at [C:\re\workspace\8-2-build-windows-amd64-cygwin\jdk8u131\8869\hotspot\src\share\vm\prims\jni.cpp, line 709]
Event: 31.485 Thread 0x000000005f228000 Exception <a 'java/io/FileNotFoundException'> (0x00000000df2cdf28) thrown at [C:\re\workspace\8-2-build-windows-amd64-cygwin\jdk8u131\8869\hotspot\src\share\vm\prims\jni.cpp, line 709]
Event: 33.458 Thread 0x000000005f25b800 Exception <a 'java/lang/ArrayIndexOutOfBoundsException'> (0x00000000dfd86df8) thrown at [C:\re\workspace\8-2-build-windows-amd64-cygwin\jdk8u131\8869\hotspot\src\share\vm\runtime\sharedRuntime.cpp, line 605]
Event: 33.458 Thread 0x000000005f25b800 Exception <a 'java/lang/ArrayIndexOutOfBoundsException'> (0x00000000dfd8c1a8) thrown at [C:\re\workspace\8-2-build-windows-amd64-cygwin\jdk8u131\8869\hotspot\src\share\vm\runtime\sharedRuntime.cpp, line 605]

Events (10 events):
Event: 50.743 Thread 0x000000005bd84800 DEOPT PACKING pc=0x000000000327376c sp=0x000000005ffbe130
Event: 50.743 Thread 0x000000005bd84800 DEOPT UNPACKING pc=0x00000000025a787f sp=0x000000005ffbdf50 mode 1
Event: 50.743 loading class org/apache/commons/pool2/impl/LinkedBlockingDeque$AbstractItr
Event: 50.743 loading class org/apache/commons/pool2/impl/LinkedBlockingDeque$AbstractItr done
Event: 50.743 Thread 0x000000005bd84800 DEOPT PACKING pc=0x00000000027a7679 sp=0x000000005ffbb9c0
Event: 50.743 Thread 0x000000005bd84800 DEOPT UNPACKING pc=0x00000000025a787f sp=0x000000005ffbb710 mode 1
Event: 50.743 Thread 0x000000005bd84800 DEOPT PACKING pc=0x0000000003273824 sp=0x000000005ffbba40
Event: 50.743 Thread 0x000000005bd84800 DEOPT UNPACKING pc=0x00000000025a787f sp=0x000000005ffbb860 mode 1
Event: 50.743 Thread 0x000000005bd84800 DEOPT PACKING pc=0x000000000327376c sp=0x000000005ffbbbd0
Event: 50.743 Thread 0x000000005bd84800 DEOPT UNPACKING pc=0x00000000025a787f sp=0x000000005ffbb9f0 mode 1


Dynamic libraries:
0x000000013fe70000 - 0x000000013fea7000 	D:\Program Files\Java\jdk1.8.0_131\bin\java.exe
0x0000000076fa0000 - 0x000000007714a000 	C:\windows\SYSTEM32\ntdll.dll
0x0000000076e80000 - 0x0000000076f9f000 	C:\windows\system32\kernel32.dll
0x000007fefcd00000 - 0x000007fefcd6a000 	C:\windows\system32\KERNELBASE.dll
0x000007fefd4b0000 - 0x000007fefd58b000 	C:\windows\system32\ADVAPI32.dll
0x000007fefd9a0000 - 0x000007fefda3f000 	C:\windows\system32\msvcrt.dll
0x000007fefd890000 - 0x000007fefd8af000 	C:\windows\SYSTEM32\sechost.dll
0x000007fefeee0000 - 0x000007feff00d000 	C:\windows\system32\RPCRT4.dll
0x0000000076d80000 - 0x0000000076e7a000 	C:\windows\system32\USER32.dll
0x000007fefee70000 - 0x000007fefeed7000 	C:\windows\system32\GDI32.dll
0x000007fefd0b0000 - 0x000007fefd0be000 	C:\windows\system32\LPK.dll
0x000007fefd3e0000 - 0x000007fefd4aa000 	C:\windows\system32\USP10.dll
0x000007fefb3b0000 - 0x000007fefb5a4000 	C:\windows\WinSxS\amd64_microsoft.windows.common-controls_6595b64144ccf1df_6.0.7601.18837_none_fa3b1e3d17594757\COMCTL32.dll
0x000007fefd810000 - 0x000007fefd881000 	C:\windows\system32\SHLWAPI.dll
0x000007fefdb80000 - 0x000007fefdbae000 	C:\windows\system32\IMM32.DLL
0x000007feff010000 - 0x000007feff119000 	C:\windows\system32\MSCTF.dll
0x000007fefcbd0000 - 0x000007fefcc00000 	C:\windows\system32\nvinitx.dll
0x000007fefcbc0000 - 0x000007fefcbcc000 	C:\windows\system32\VERSION.dll
0x0000000074410000 - 0x0000000074416000 	C:\Program Files\NVIDIA Corporation\CoProcManager\detoured.dll
0x000007fefa5f0000 - 0x000007fefa628000 	C:\Program Files\NVIDIA Corporation\CoProcManager\nvd3d9wrapx.dll
0x000007fefd630000 - 0x000007fefd807000 	C:\windows\system32\SETUPAPI.dll
0x000007fefcde0000 - 0x000007fefce16000 	C:\windows\system32\CFGMGR32.dll
0x000007fefd8b0000 - 0x000007fefd98a000 	C:\windows\system32\OLEAUT32.dll
0x000007fefdbb0000 - 0x000007fefddac000 	C:\windows\system32\ole32.dll
0x000007fefcd70000 - 0x000007fefcd8a000 	C:\windows\system32\DEVOBJ.dll
0x000007fefa450000 - 0x000007fefa474000 	C:\Program Files\NVIDIA Corporation\CoProcManager\nvdxgiwrapx.dll
0x000000006f0d0000 - 0x000000006f1a2000 	D:\Program Files\Java\jdk1.8.0_131\jre\bin\msvcr100.dll
0x0000000058ee0000 - 0x000000005977c000 	D:\Program Files\Java\jdk1.8.0_131\jre\bin\server\jvm.dll
0x000007fef5540000 - 0x000007fef5549000 	C:\windows\system32\WSOCK32.dll
0x000007fefd0c0000 - 0x000007fefd10d000 	C:\windows\system32\WS2_32.dll
0x000007fefd990000 - 0x000007fefd998000 	C:\windows\system32\NSI.dll
0x000007fefadd0000 - 0x000007fefae0b000 	C:\windows\system32\WINMM.dll
0x0000000077170000 - 0x0000000077177000 	C:\windows\system32\PSAPI.DLL
0x0000000073f20000 - 0x0000000073f2f000 	D:\Program Files\Java\jdk1.8.0_131\jre\bin\verify.dll
0x00000000737f0000 - 0x0000000073819000 	D:\Program Files\Java\jdk1.8.0_131\jre\bin\java.dll
0x0000000073bd0000 - 0x0000000073c05000 	D:\Program Files\Java\jdk1.8.0_131\jre\bin\jdwp.dll
0x0000000073f40000 - 0x0000000073f48000 	D:\Program Files\Java\jdk1.8.0_131\jre\bin\npt.dll
0x00000000737c0000 - 0x00000000737e3000 	D:\Program Files\Java\jdk1.8.0_131\jre\bin\instrument.dll
0x0000000073e70000 - 0x0000000073e86000 	D:\Program Files\Java\jdk1.8.0_131\jre\bin\zip.dll
0x000007fefddb0000 - 0x000007fefeb39000 	C:\windows\system32\SHELL32.dll
0x000007fefcca0000 - 0x000007fefccaf000 	C:\windows\system32\profapi.dll
0x0000000073f10000 - 0x0000000073f19000 	D:\Program Files\Java\jdk1.8.0_131\jre\bin\dt_socket.dll
0x000007fefc3c0000 - 0x000007fefc415000 	C:\windows\system32\mswsock.dll
0x000007fefbb30000 - 0x000007fefbb37000 	C:\windows\System32\wshtcpip.dll
0x0000000073bc0000 - 0x0000000073bcd000 	D:\Program Files\Java\jdk1.8.0_131\jre\bin\management.dll
0x00000000737a0000 - 0x00000000737ba000 	D:\Program Files\Java\jdk1.8.0_131\jre\bin\net.dll
0x000007fefc3b0000 - 0x000007fefc3b7000 	C:\windows\System32\wship6.dll
0x0000000073780000 - 0x0000000073791000 	D:\Program Files\Java\jdk1.8.0_131\jre\bin\nio.dll
0x000007fefae10000 - 0x000007fefae25000 	C:\windows\system32\NLAapi.dll
0x000007fee9ea0000 - 0x000007fee9eb5000 	C:\windows\system32\napinsp.dll
0x000007fee9e80000 - 0x000007fee9e99000 	C:\windows\system32\pnrpnsp.dll
0x000007fefc240000 - 0x000007fefc29b000 	C:\windows\system32\DNSAPI.dll
0x000007fee9e70000 - 0x000007fee9e7b000 	C:\windows\System32\winrnr.dll
0x000007fee9e60000 - 0x000007fee9e70000 	C:\windows\system32\wshbth.dll
0x000007fefa650000 - 0x000007fefa677000 	C:\windows\system32\IPHLPAPI.DLL
0x000007fefa640000 - 0x000007fefa64b000 	C:\windows\system32\WINNSI.DLL
0x000007fef6c00000 - 0x000007fef6c08000 	C:\windows\system32\rasadhlp.dll
0x000007fef9e70000 - 0x000007fef9ec3000 	C:\windows\System32\fwpuclnt.dll
0x000007fefc420000 - 0x000007fefc438000 	C:\windows\system32\CRYPTSP.dll
0x000007fefc120000 - 0x000007fefc167000 	C:\windows\system32\rsaenh.dll
0x000007fefccc0000 - 0x000007fefccde000 	C:\windows\system32\USERENV.dll
0x000007fefcab0000 - 0x000007fefcabf000 	C:\windows\system32\CRYPTBASE.dll
0x000007fef9ed0000 - 0x000007fef9ee1000 	C:\windows\system32\dhcpcsvc6.DLL
0x000007fef9dd0000 - 0x000007fef9de8000 	C:\windows\system32\dhcpcsvc.DLL
0x0000000073750000 - 0x0000000073774000 	D:\Program Files\Java\jdk1.8.0_131\jre\bin\sunec.dll
0x000007fee5490000 - 0x000007fee55b5000 	C:\windows\system32\dbghelp.dll

VM Arguments:
jvm_args: -agentlib:jdwp=transport=dt_socket,address=127.0.0.1:57730,suspend=y,server=n -XX:TieredStopAtLevel=1 -Xverify:none -Dspring.output.ansi.enabled=always -Dcom.sun.management.jmxremote -Dcom.sun.management.jmxremote.port=57729 -Dcom.sun.management.jmxremote.authenticate=false -Dcom.sun.management.jmxremote.ssl=false -Djava.rmi.server.hostname=localhost -Dspring.liveBeansView.mbeanDomain -Dspring.application.admin.enabled=true -javaagent:C:\Users\Administrator\.IntelliJIdea2018.2\system\captureAgent\debugger-agent.jar=file:/C:/Users/Administrator/AppData/Local/Temp/capture15634.props -Dfile.encoding=UTF-8 
java_command: com.crm.graduation.crmsystem.CrmsystemApplication
java_class_path (initial): D:\Program Files\Java\jdk1.8.0_131\jre\lib\charsets.jar;D:\Program Files\Java\jdk1.8.0_131\jre\lib\deploy.jar;D:\Program Files\Java\jdk1.8.0_131\jre\lib\ext\access-bridge-64.jar;D:\Program Files\Java\jdk1.8.0_131\jre\lib\ext\cldrdata.jar;D:\Program Files\Java\jdk1.8.0_131\jre\lib\ext\dnsns.jar;D:\Program Files\Java\jdk1.8.0_131\jre\lib\ext\jaccess.jar;D:\Program Files\Java\jdk1.8.0_131\jre\lib\ext\jfxrt.jar;D:\Program Files\Java\jdk1.8.0_131\jre\lib\ext\localedata.jar;D:\Program Files\Java\jdk1.8.0_131\jre\lib\ext\nashorn.jar;D:\Program Files\Java\jdk1.8.0_131\jre\lib\ext\sunec.jar;D:\Program Files\Java\jdk1.8.0_131\jre\lib\ext\sunjce_provider.jar;D:\Program Files\Java\jdk1.8.0_131\jre\lib\ext\sunmscapi.jar;D:\Program Files\Java\jdk1.8.0_131\jre\lib\ext\sunpkcs11.jar;D:\Program Files\Java\jdk1.8.0_131\jre\lib\ext\zipfs.jar;D:\Program Files\Java\jdk1.8.0_131\jre\lib\javaws.jar;D:\Program Files\Java\jdk1.8.0_131\jre\lib\jce.jar;D:\Program Files\Java\jdk1.8.0_131\jre\lib\jfr.jar;D:\Program Files\Java\jdk1.8.0_131\jre\lib\jfxswt.jar;D:\Program Files\Java\jdk1.8.0_131\jre\lib\jsse.jar;D:\Program Files\Java\jdk1.8.0_131\jre\lib\management-agent.jar;D:\Program Files\Java\jdk1.8.0_131\jre\lib\plugin.jar;D:\Program Files\Java\jdk1.8.0_131\jre\lib\resources.jar;D:\Program Files\Java\jdk1.8.0_131\jre\lib\rt.jar;E:\crmsystem\target\classes;D:\developmentTool\apache-maven-3.5.4-bin\remaven\org\apache\httpcomponents\httpclient\4.4\httpclient-4.4.jar;D:\developmentTool\apache-maven-3.5.4-bin\remaven\org\apache\httpcomponents\httpcore\4.4.10\httpcore-4.4.10.jar;D:\developmentTool\apache-maven-3.5.4-bin\remaven\org\apache\httpcomponents\httpmime\4.4\httpmime-4.4.jar;D:\developmentTool\apache-maven-3.5.4-bin\remaven\commons-fileupload\commons-fileupload\1.3.2\commons-fileupload-1.3.2.jar;D:\developmentTool\apache-maven-3.5.4-bin\remaven\commons-io\commons-io\2.2\commons-io-2.2.jar;D:\developmentTool\apache-maven-3.5.4-bin\remaven\commons-codec\commons-cod
Launcher Type: SUN_STANDARD

Environment Variables:
PATH=C:\ProgramData\Oracle\Java\javapath;C:\windows\system32;C:\windows;C:\windows\System32\Wbem;C:\windows\System32\WindowsPowerShell\v1.0\;C:\Program Files\Intel\WiFi\bin\;C:\Program Files\Common Files\Intel\WirelessCommon\;D:\developmentTool\svn\bin;C:\Program Files (x86)\NVIDIA Corporation\PhysX\Common;D:\developmentTool\Git\cmd;D:\developmentTool\redis\;D:\developmentTool\mysql\mysql-5.6.41-winx64\bin\;D:\developmentTool\apache-maven-3.5.4-bin\apache-maven-3.5.4\bin\;C:\Program Files\Intel\WiFi\bin\;C:\Program Files\Common Files\Intel\WirelessCommon\
USERNAME=Administrator
OS=Windows_NT
PROCESSOR_IDENTIFIER=Intel64 Family 6 Model 61 Stepping 4, GenuineIntel



---------------  S Y S T E M  ---------------

OS: Windows 7 , 64 bit Build 7601 (6.1.7601.23864)

CPU:total 4 (initial active 4) (2 cores per cpu, 2 threads per core) family 6 model 61 stepping 4, cmov, cx8, fxsr, mmx, sse, sse2, sse3, ssse3, sse4.1, sse4.2, popcnt, avx, avx2, aes, clmul, erms, 3dnowpref, lzcnt, ht, tsc, tscinvbit, bmi1, bmi2, adx

Memory: 4k page, physical 8296976k(2933444k free), swap 16592092k(9802588k free)

vm_info: Java HotSpot(TM) 64-Bit Server VM (25.131-b11) for windows-amd64 JRE (1.8.0_131-b11), built on Mar 15 2017 01:23:53 by "java_re" with MS VC++ 10.0 (VS2010)

time: Tue Jan 08 10:22:21 2019
elapsed time: 61 seconds (0d 0h 1m 1s)

